Compiling the C compiler identification source file "CMakeCCompilerId.c" failed.
Compiler: /usr/bin/clang-6.0 
Build flags: 
Id flags:  

The output was:
1
/usr/bin/ld: final link failed: Operation not supported
clang: error: linker command failed with exit code 1 (use -v to see invocation)


Compiling the CXX compiler identification source file "CMakeCXXCompilerId.cpp" failed.
Compiler: /usr/bin/clang++-6.0 
Build flags: 
Id flags:  

The output was:
1
/usr/bin/ld: final link failed: Operation not supported
clang: error: linker command failed with exit code 1 (use -v to see invocation)


Determining if the C compiler works failed with the following output:
Change Dir: /run/user/1000/gvfs/sftp:host=10.0.0.187,user=ku-t2/home/ku-t2/catkin_ws_HEAR/src/HEAR_Navio2_FC/build/CMakeFiles/CMakeTmp

Run Build Command:"/usr/bin/make" "cmTC_9f611/fast"
/usr/bin/make -f CMakeFiles/cmTC_9f611.dir/build.make CMakeFiles/cmTC_9f611.dir/build
make[1]: Entering directory '/run/user/1000/gvfs/sftp:host=10.0.0.187,user=ku-t2/home/ku-t2/catkin_ws_HEAR/src/HEAR_Navio2_FC/build/CMakeFiles/CMakeTmp'
Building C object CMakeFiles/cmTC_9f611.dir/testCCompiler.c.o
/usr/bin/clang-6.0    -o CMakeFiles/cmTC_9f611.dir/testCCompiler.c.o   -c /run/user/1000/gvfs/sftp:host=10.0.0.187,user=ku-t2/home/ku-t2/catkin_ws_HEAR/src/HEAR_Navio2_FC/build/CMakeFiles/CMakeTmp/testCCompiler.c
Linking C executable cmTC_9f611
/usr/bin/cmake -E cmake_link_script CMakeFiles/cmTC_9f611.dir/link.txt --verbose=1
/usr/bin/clang-6.0      -rdynamic CMakeFiles/cmTC_9f611.dir/testCCompiler.c.o  -o cmTC_9f611 
/usr/bin/ld: final link failed: Operation not supported
clang: error: linker command failed with exit code 1 (use -v to see invocation)
CMakeFiles/cmTC_9f611.dir/build.make:97: recipe for target 'cmTC_9f611' failed
make[1]: *** [cmTC_9f611] Error 1
make[1]: Leaving directory '/run/user/1000/gvfs/sftp:host=10.0.0.187,user=ku-t2/home/ku-t2/catkin_ws_HEAR/src/HEAR_Navio2_FC/build/CMakeFiles/CMakeTmp'
Makefile:126: recipe for target 'cmTC_9f611/fast' failed
make: *** [cmTC_9f611/fast] Error 2


Compiling the C compiler identification source file "CMakeCCompilerId.c" failed.
Compiler: /usr/bin/clang-6.0 
Build flags: 
Id flags:  

The output was:
1
/usr/bin/ld: final link failed: Operation not supported
clang: error: linker command failed with exit code 1 (use -v to see invocation)


Compiling the CXX compiler identification source file "CMakeCXXCompilerId.cpp" failed.
Compiler: /usr/bin/clang++-6.0 
Build flags: 
Id flags:  

The output was:
1
/usr/bin/ld: final link failed: Operation not supported
clang: error: linker command failed with exit code 1 (use -v to see invocation)


Determining if the C compiler works failed with the following output:
Change Dir: /run/user/1000/gvfs/sftp:host=10.0.0.187,user=ku-t2/home/ku-t2/catkin_ws_HEAR/src/HEAR_Navio2_FC/build/CMakeFiles/CMakeTmp

Run Build Command:"/usr/bin/make" "cmTC_31c51/fast"
/usr/bin/make -f CMakeFiles/cmTC_31c51.dir/build.make CMakeFiles/cmTC_31c51.dir/build
make[1]: Entering directory '/run/user/1000/gvfs/sftp:host=10.0.0.187,user=ku-t2/home/ku-t2/catkin_ws_HEAR/src/HEAR_Navio2_FC/build/CMakeFiles/CMakeTmp'
Building C object CMakeFiles/cmTC_31c51.dir/testCCompiler.c.o
/usr/bin/clang-6.0    -o CMakeFiles/cmTC_31c51.dir/testCCompiler.c.o   -c /run/user/1000/gvfs/sftp:host=10.0.0.187,user=ku-t2/home/ku-t2/catkin_ws_HEAR/src/HEAR_Navio2_FC/build/CMakeFiles/CMakeTmp/testCCompiler.c
Linking C executable cmTC_31c51
/usr/bin/cmake -E cmake_link_script CMakeFiles/cmTC_31c51.dir/link.txt --verbose=1
/usr/bin/clang-6.0      -rdynamic CMakeFiles/cmTC_31c51.dir/testCCompiler.c.o  -o cmTC_31c51 
/usr/bin/ld: final link failed: Operation not supported
clang: error: linker command failed with exit code 1 (use -v to see invocation)
CMakeFiles/cmTC_31c51.dir/build.make:97: recipe for target 'cmTC_31c51' failed
make[1]: *** [cmTC_31c51] Error 1
make[1]: Leaving directory '/run/user/1000/gvfs/sftp:host=10.0.0.187,user=ku-t2/home/ku-t2/catkin_ws_HEAR/src/HEAR_Navio2_FC/build/CMakeFiles/CMakeTmp'
Makefile:126: recipe for target 'cmTC_31c51/fast' failed
make: *** [cmTC_31c51/fast] Error 2


Compiling the C compiler identification source file "CMakeCCompilerId.c" failed.
Compiler: /usr/bin/clang-6.0 
Build flags: 
Id flags:  

The output was:
1
/usr/bin/ld: final link failed: Operation not supported
clang: error: linker command failed with exit code 1 (use -v to see invocation)


Compiling the CXX compiler identification source file "CMakeCXXCompilerId.cpp" failed.
Compiler: /usr/bin/clang++-6.0 
Build flags: 
Id flags:  

The output was:
1
/usr/bin/ld: final link failed: Operation not supported
clang: error: linker command failed with exit code 1 (use -v to see invocation)


Determining if the C compiler works failed with the following output:
Change Dir: /run/user/1000/gvfs/sftp:host=10.0.0.187,user=ku-t2/home/ku-t2/catkin_ws_HEAR/src/HEAR_Navio2_FC/build/CMakeFiles/CMakeTmp

Run Build Command:"/usr/bin/make" "cmTC_40881/fast"
/usr/bin/make -f CMakeFiles/cmTC_40881.dir/build.make CMakeFiles/cmTC_40881.dir/build
make[1]: Entering directory '/run/user/1000/gvfs/sftp:host=10.0.0.187,user=ku-t2/home/ku-t2/catkin_ws_HEAR/src/HEAR_Navio2_FC/build/CMakeFiles/CMakeTmp'
Building C object CMakeFiles/cmTC_40881.dir/testCCompiler.c.o
/usr/bin/clang-6.0    -o CMakeFiles/cmTC_40881.dir/testCCompiler.c.o   -c /run/user/1000/gvfs/sftp:host=10.0.0.187,user=ku-t2/home/ku-t2/catkin_ws_HEAR/src/HEAR_Navio2_FC/build/CMakeFiles/CMakeTmp/testCCompiler.c
Linking C executable cmTC_40881
/usr/bin/cmake -E cmake_link_script CMakeFiles/cmTC_40881.dir/link.txt --verbose=1
/usr/bin/clang-6.0      -rdynamic CMakeFiles/cmTC_40881.dir/testCCompiler.c.o  -o cmTC_40881 
/usr/bin/ld: final link failed: Operation not supported
clang: error: linker command failed with exit code 1 (use -v to see invocation)
CMakeFiles/cmTC_40881.dir/build.make:97: recipe for target 'cmTC_40881' failed
make[1]: *** [cmTC_40881] Error 1
make[1]: Leaving directory '/run/user/1000/gvfs/sftp:host=10.0.0.187,user=ku-t2/home/ku-t2/catkin_ws_HEAR/src/HEAR_Navio2_FC/build/CMakeFiles/CMakeTmp'
Makefile:126: recipe for target 'cmTC_40881/fast' failed
make: *** [cmTC_40881/fast] Error 2


Compiling the C compiler identification source file "CMakeCCompilerId.c" failed.
Compiler: /usr/bin/clang-6.0 
Build flags: 
Id flags:  

The output was:
1
/usr/bin/ld: final link failed: Operation not supported
clang: error: linker command failed with exit code 1 (use -v to see invocation)


Compiling the CXX compiler identification source file "CMakeCXXCompilerId.cpp" failed.
Compiler: /usr/bin/clang++-6.0 
Build flags: 
Id flags:  

The output was:
1
/usr/bin/ld: final link failed: Operation not supported
clang: error: linker command failed with exit code 1 (use -v to see invocation)


Determining if the C compiler works failed with the following output:
Change Dir: /run/user/1000/gvfs/sftp:host=10.0.0.187,user=ku-t2/home/ku-t2/catkin_ws_HEAR/src/HEAR_Navio2_FC/build/CMakeFiles/CMakeTmp

Run Build Command:"/usr/bin/make" "cmTC_f8b79/fast"
/usr/bin/make -f CMakeFiles/cmTC_f8b79.dir/build.make CMakeFiles/cmTC_f8b79.dir/build
make[1]: Entering directory '/run/user/1000/gvfs/sftp:host=10.0.0.187,user=ku-t2/home/ku-t2/catkin_ws_HEAR/src/HEAR_Navio2_FC/build/CMakeFiles/CMakeTmp'
Building C object CMakeFiles/cmTC_f8b79.dir/testCCompiler.c.o
/usr/bin/clang-6.0    -o CMakeFiles/cmTC_f8b79.dir/testCCompiler.c.o   -c /run/user/1000/gvfs/sftp:host=10.0.0.187,user=ku-t2/home/ku-t2/catkin_ws_HEAR/src/HEAR_Navio2_FC/build/CMakeFiles/CMakeTmp/testCCompiler.c
Linking C executable cmTC_f8b79
/usr/bin/cmake -E cmake_link_script CMakeFiles/cmTC_f8b79.dir/link.txt --verbose=1
/usr/bin/clang-6.0      -rdynamic CMakeFiles/cmTC_f8b79.dir/testCCompiler.c.o  -o cmTC_f8b79 
/usr/bin/ld: final link failed: Operation not supported
clang: error: linker command failed with exit code 1 (use -v to see invocation)
CMakeFiles/cmTC_f8b79.dir/build.make:97: recipe for target 'cmTC_f8b79' failed
make[1]: *** [cmTC_f8b79] Error 1
make[1]: Leaving directory '/run/user/1000/gvfs/sftp:host=10.0.0.187,user=ku-t2/home/ku-t2/catkin_ws_HEAR/src/HEAR_Navio2_FC/build/CMakeFiles/CMakeTmp'
Makefile:126: recipe for target 'cmTC_f8b79/fast' failed
make: *** [cmTC_f8b79/fast] Error 2


Compiling the C compiler identification source file "CMakeCCompilerId.c" failed.
Compiler: /usr/bin/clang-6.0 
Build flags: 
Id flags:  

The output was:
1
/usr/bin/ld: final link failed: Operation not supported
clang: error: linker command failed with exit code 1 (use -v to see invocation)


Compiling the CXX compiler identification source file "CMakeCXXCompilerId.cpp" failed.
Compiler: /usr/bin/clang++-6.0 
Build flags: 
Id flags:  

The output was:
1
/usr/bin/ld: final link failed: Operation not supported
clang: error: linker command failed with exit code 1 (use -v to see invocation)


Determining if the C compiler works failed with the following output:
Change Dir: /run/user/1000/gvfs/sftp:host=10.0.0.187,user=ku-t2/home/ku-t2/catkin_ws_HEAR/src/HEAR_Navio2_FC/build/CMakeFiles/CMakeTmp

Run Build Command:"/usr/bin/make" "cmTC_ad7d0/fast"
/usr/bin/make -f CMakeFiles/cmTC_ad7d0.dir/build.make CMakeFiles/cmTC_ad7d0.dir/build
make[1]: Entering directory '/run/user/1000/gvfs/sftp:host=10.0.0.187,user=ku-t2/home/ku-t2/catkin_ws_HEAR/src/HEAR_Navio2_FC/build/CMakeFiles/CMakeTmp'
Building C object CMakeFiles/cmTC_ad7d0.dir/testCCompiler.c.o
/usr/bin/clang-6.0    -o CMakeFiles/cmTC_ad7d0.dir/testCCompiler.c.o   -c /run/user/1000/gvfs/sftp:host=10.0.0.187,user=ku-t2/home/ku-t2/catkin_ws_HEAR/src/HEAR_Navio2_FC/build/CMakeFiles/CMakeTmp/testCCompiler.c
Linking C executable cmTC_ad7d0
/usr/bin/cmake -E cmake_link_script CMakeFiles/cmTC_ad7d0.dir/link.txt --verbose=1
/usr/bin/clang-6.0      -rdynamic CMakeFiles/cmTC_ad7d0.dir/testCCompiler.c.o  -o cmTC_ad7d0 
/usr/bin/ld: final link failed: Operation not supported
clang: error: linker command failed with exit code 1 (use -v to see invocation)
CMakeFiles/cmTC_ad7d0.dir/build.make:97: recipe for target 'cmTC_ad7d0' failed
make[1]: *** [cmTC_ad7d0] Error 1
make[1]: Leaving directory '/run/user/1000/gvfs/sftp:host=10.0.0.187,user=ku-t2/home/ku-t2/catkin_ws_HEAR/src/HEAR_Navio2_FC/build/CMakeFiles/CMakeTmp'
Makefile:126: recipe for target 'cmTC_ad7d0/fast' failed
make: *** [cmTC_ad7d0/fast] Error 2


Compiling the C compiler identification source file "CMakeCCompilerId.c" failed.
Compiler: /usr/bin/clang-6.0 
Build flags: 
Id flags:  

The output was:
1
/usr/bin/ld: final link failed: Operation not supported
clang: error: linker command failed with exit code 1 (use -v to see invocation)


Compiling the CXX compiler identification source file "CMakeCXXCompilerId.cpp" failed.
Compiler: /usr/bin/clang++-6.0 
Build flags: 
Id flags:  

The output was:
1
/usr/bin/ld: final link failed: Operation not supported
clang: error: linker command failed with exit code 1 (use -v to see invocation)


Determining if the C compiler works failed with the following output:
Change Dir: /run/user/1000/gvfs/sftp:host=10.0.0.187,user=ku-t2/home/ku-t2/catkin_ws_HEAR/src/HEAR_Navio2_FC/build/CMakeFiles/CMakeTmp

Run Build Command:"/usr/bin/make" "cmTC_8ecfc/fast"
/usr/bin/make -f CMakeFiles/cmTC_8ecfc.dir/build.make CMakeFiles/cmTC_8ecfc.dir/build
make[1]: Entering directory '/run/user/1000/gvfs/sftp:host=10.0.0.187,user=ku-t2/home/ku-t2/catkin_ws_HEAR/src/HEAR_Navio2_FC/build/CMakeFiles/CMakeTmp'
Building C object CMakeFiles/cmTC_8ecfc.dir/testCCompiler.c.o
/usr/bin/clang-6.0    -o CMakeFiles/cmTC_8ecfc.dir/testCCompiler.c.o   -c /run/user/1000/gvfs/sftp:host=10.0.0.187,user=ku-t2/home/ku-t2/catkin_ws_HEAR/src/HEAR_Navio2_FC/build/CMakeFiles/CMakeTmp/testCCompiler.c
Linking C executable cmTC_8ecfc
/usr/bin/cmake -E cmake_link_script CMakeFiles/cmTC_8ecfc.dir/link.txt --verbose=1
/usr/bin/clang-6.0      -rdynamic CMakeFiles/cmTC_8ecfc.dir/testCCompiler.c.o  -o cmTC_8ecfc 
/usr/bin/ld: final link failed: Operation not supported
clang: error: linker command failed with exit code 1 (use -v to see invocation)
CMakeFiles/cmTC_8ecfc.dir/build.make:97: recipe for target 'cmTC_8ecfc' failed
make[1]: *** [cmTC_8ecfc] Error 1
make[1]: Leaving directory '/run/user/1000/gvfs/sftp:host=10.0.0.187,user=ku-t2/home/ku-t2/catkin_ws_HEAR/src/HEAR_Navio2_FC/build/CMakeFiles/CMakeTmp'
Makefile:126: recipe for target 'cmTC_8ecfc/fast' failed
make: *** [cmTC_8ecfc/fast] Error 2


Compiling the C compiler identification source file "CMakeCCompilerId.c" failed.
Compiler: /usr/bin/clang-6.0 
Build flags: 
Id flags:  

The output was:
1
/usr/bin/ld: final link failed: Operation not supported
clang: error: linker command failed with exit code 1 (use -v to see invocation)


Compiling the CXX compiler identification source file "CMakeCXXCompilerId.cpp" failed.
Compiler: /usr/bin/clang++-6.0 
Build flags: 
Id flags:  

The output was:
1
/usr/bin/ld: final link failed: Operation not supported
clang: error: linker command failed with exit code 1 (use -v to see invocation)


Determining if the C compiler works failed with the following output:
Change Dir: /run/user/1000/gvfs/sftp:host=10.0.0.187,user=ku-t2/home/ku-t2/catkin_ws_HEAR/src/HEAR_Navio2_FC/build/CMakeFiles/CMakeTmp

Run Build Command:"/usr/bin/make" "cmTC_e08ce/fast"
/usr/bin/make -f CMakeFiles/cmTC_e08ce.dir/build.make CMakeFiles/cmTC_e08ce.dir/build
make[1]: Entering directory '/run/user/1000/gvfs/sftp:host=10.0.0.187,user=ku-t2/home/ku-t2/catkin_ws_HEAR/src/HEAR_Navio2_FC/build/CMakeFiles/CMakeTmp'
Building C object CMakeFiles/cmTC_e08ce.dir/testCCompiler.c.o
/usr/bin/clang-6.0    -o CMakeFiles/cmTC_e08ce.dir/testCCompiler.c.o   -c /run/user/1000/gvfs/sftp:host=10.0.0.187,user=ku-t2/home/ku-t2/catkin_ws_HEAR/src/HEAR_Navio2_FC/build/CMakeFiles/CMakeTmp/testCCompiler.c
Linking C executable cmTC_e08ce
/usr/bin/cmake -E cmake_link_script CMakeFiles/cmTC_e08ce.dir/link.txt --verbose=1
/usr/bin/clang-6.0      -rdynamic CMakeFiles/cmTC_e08ce.dir/testCCompiler.c.o  -o cmTC_e08ce 
/usr/bin/ld: final link failed: Operation not supported
clang: error: linker command failed with exit code 1 (use -v to see invocation)
CMakeFiles/cmTC_e08ce.dir/build.make:97: recipe for target 'cmTC_e08ce' failed
make[1]: *** [cmTC_e08ce] Error 1
make[1]: Leaving directory '/run/user/1000/gvfs/sftp:host=10.0.0.187,user=ku-t2/home/ku-t2/catkin_ws_HEAR/src/HEAR_Navio2_FC/build/CMakeFiles/CMakeTmp'
Makefile:126: recipe for target 'cmTC_e08ce/fast' failed
make: *** [cmTC_e08ce/fast] Error 2


Compiling the C compiler identification source file "CMakeCCompilerId.c" failed.
Compiler: /usr/bin/clang-6.0 
Build flags: 
Id flags:  

The output was:
1
/usr/bin/ld: final link failed: Operation not supported
clang: error: linker command failed with exit code 1 (use -v to see invocation)


Compiling the CXX compiler identification source file "CMakeCXXCompilerId.cpp" failed.
Compiler: /usr/bin/clang++-6.0 
Build flags: 
Id flags:  

The output was:
1
/usr/bin/ld: final link failed: Operation not supported
clang: error: linker command failed with exit code 1 (use -v to see invocation)


Determining if the C compiler works failed with the following output:
Change Dir: /run/user/1000/gvfs/sftp:host=10.0.0.187,user=ku-t2/home/ku-t2/catkin_ws_HEAR/src/HEAR_Navio2_FC/build/CMakeFiles/CMakeTmp

Run Build Command:"/usr/bin/make" "cmTC_e4865/fast"
/usr/bin/make -f CMakeFiles/cmTC_e4865.dir/build.make CMakeFiles/cmTC_e4865.dir/build
make[1]: Entering directory '/run/user/1000/gvfs/sftp:host=10.0.0.187,user=ku-t2/home/ku-t2/catkin_ws_HEAR/src/HEAR_Navio2_FC/build/CMakeFiles/CMakeTmp'
Building C object CMakeFiles/cmTC_e4865.dir/testCCompiler.c.o
/usr/bin/clang-6.0    -o CMakeFiles/cmTC_e4865.dir/testCCompiler.c.o   -c /run/user/1000/gvfs/sftp:host=10.0.0.187,user=ku-t2/home/ku-t2/catkin_ws_HEAR/src/HEAR_Navio2_FC/build/CMakeFiles/CMakeTmp/testCCompiler.c
Linking C executable cmTC_e4865
/usr/bin/cmake -E cmake_link_script CMakeFiles/cmTC_e4865.dir/link.txt --verbose=1
/usr/bin/clang-6.0      -rdynamic CMakeFiles/cmTC_e4865.dir/testCCompiler.c.o  -o cmTC_e4865 
/usr/bin/ld: final link failed: Operation not supported
clang: error: linker command failed with exit code 1 (use -v to see invocation)
CMakeFiles/cmTC_e4865.dir/build.make:97: recipe for target 'cmTC_e4865' failed
make[1]: *** [cmTC_e4865] Error 1
make[1]: Leaving directory '/run/user/1000/gvfs/sftp:host=10.0.0.187,user=ku-t2/home/ku-t2/catkin_ws_HEAR/src/HEAR_Navio2_FC/build/CMakeFiles/CMakeTmp'
Makefile:126: recipe for target 'cmTC_e4865/fast' failed
make: *** [cmTC_e4865/fast] Error 2


Compiling the C compiler identification source file "CMakeCCompilerId.c" failed.
Compiler: /usr/bin/clang-6.0 
Build flags: 
Id flags:  

The output was:
1
/usr/bin/ld: final link failed: Operation not supported
clang: error: linker command failed with exit code 1 (use -v to see invocation)


Compiling the CXX compiler identification source file "CMakeCXXCompilerId.cpp" failed.
Compiler: /usr/bin/clang++-6.0 
Build flags: 
Id flags:  

The output was:
1
/usr/bin/ld: final link failed: Operation not supported
clang: error: linker command failed with exit code 1 (use -v to see invocation)


Determining if the C compiler works failed with the following output:
Change Dir: /run/user/1000/gvfs/sftp:host=10.0.0.187,user=ku-t2/home/ku-t2/catkin_ws_HEAR/src/HEAR_Navio2_FC/build/CMakeFiles/CMakeTmp

Run Build Command:"/usr/bin/make" "cmTC_683ec/fast"
/usr/bin/make -f CMakeFiles/cmTC_683ec.dir/build.make CMakeFiles/cmTC_683ec.dir/build
make[1]: Entering directory '/run/user/1000/gvfs/sftp:host=10.0.0.187,user=ku-t2/home/ku-t2/catkin_ws_HEAR/src/HEAR_Navio2_FC/build/CMakeFiles/CMakeTmp'
Building C object CMakeFiles/cmTC_683ec.dir/testCCompiler.c.o
/usr/bin/clang-6.0    -o CMakeFiles/cmTC_683ec.dir/testCCompiler.c.o   -c /run/user/1000/gvfs/sftp:host=10.0.0.187,user=ku-t2/home/ku-t2/catkin_ws_HEAR/src/HEAR_Navio2_FC/build/CMakeFiles/CMakeTmp/testCCompiler.c
Linking C executable cmTC_683ec
/usr/bin/cmake -E cmake_link_script CMakeFiles/cmTC_683ec.dir/link.txt --verbose=1
/usr/bin/clang-6.0      -rdynamic CMakeFiles/cmTC_683ec.dir/testCCompiler.c.o  -o cmTC_683ec 
/usr/bin/ld: final link failed: Operation not supported
clang: error: linker command failed with exit code 1 (use -v to see invocation)
CMakeFiles/cmTC_683ec.dir/build.make:97: recipe for target 'cmTC_683ec' failed
make[1]: *** [cmTC_683ec] Error 1
make[1]: Leaving directory '/run/user/1000/gvfs/sftp:host=10.0.0.187,user=ku-t2/home/ku-t2/catkin_ws_HEAR/src/HEAR_Navio2_FC/build/CMakeFiles/CMakeTmp'
Makefile:126: recipe for target 'cmTC_683ec/fast' failed
make: *** [cmTC_683ec/fast] Error 2


Compiling the C compiler identification source file "CMakeCCompilerId.c" failed.
Compiler: /usr/bin/clang-6.0 
Build flags: 
Id flags:  

The output was:
1
/usr/bin/ld: final link failed: Operation not supported
clang: error: linker command failed with exit code 1 (use -v to see invocation)


Compiling the CXX compiler identification source file "CMakeCXXCompilerId.cpp" failed.
Compiler: /usr/bin/clang++-6.0 
Build flags: 
Id flags:  

The output was:
1
/usr/bin/ld: final link failed: Operation not supported
clang: error: linker command failed with exit code 1 (use -v to see invocation)


Determining if the C compiler works failed with the following output:
Change Dir: /run/user/1000/gvfs/sftp:host=10.0.0.187,user=ku-t2/home/ku-t2/catkin_ws_HEAR/src/HEAR_Navio2_FC/build/CMakeFiles/CMakeTmp

Run Build Command:"/usr/bin/make" "cmTC_0e6a4/fast"
/usr/bin/make -f CMakeFiles/cmTC_0e6a4.dir/build.make CMakeFiles/cmTC_0e6a4.dir/build
make[1]: Entering directory '/run/user/1000/gvfs/sftp:host=10.0.0.187,user=ku-t2/home/ku-t2/catkin_ws_HEAR/src/HEAR_Navio2_FC/build/CMakeFiles/CMakeTmp'
Building C object CMakeFiles/cmTC_0e6a4.dir/testCCompiler.c.o
/usr/bin/clang-6.0    -o CMakeFiles/cmTC_0e6a4.dir/testCCompiler.c.o   -c /run/user/1000/gvfs/sftp:host=10.0.0.187,user=ku-t2/home/ku-t2/catkin_ws_HEAR/src/HEAR_Navio2_FC/build/CMakeFiles/CMakeTmp/testCCompiler.c
Linking C executable cmTC_0e6a4
/usr/bin/cmake -E cmake_link_script CMakeFiles/cmTC_0e6a4.dir/link.txt --verbose=1
/usr/bin/clang-6.0      -rdynamic CMakeFiles/cmTC_0e6a4.dir/testCCompiler.c.o  -o cmTC_0e6a4 
/usr/bin/ld: final link failed: Operation not supported
clang: error: linker command failed with exit code 1 (use -v to see invocation)
CMakeFiles/cmTC_0e6a4.dir/build.make:97: recipe for target 'cmTC_0e6a4' failed
make[1]: *** [cmTC_0e6a4] Error 1
make[1]: Leaving directory '/run/user/1000/gvfs/sftp:host=10.0.0.187,user=ku-t2/home/ku-t2/catkin_ws_HEAR/src/HEAR_Navio2_FC/build/CMakeFiles/CMakeTmp'
Makefile:126: recipe for target 'cmTC_0e6a4/fast' failed
make: *** [cmTC_0e6a4/fast] Error 2


